d:\projects\mt4-progress\netprog\lib\debug\netprog.bsc
d:\projects\mt4-progress\netprog\lib\debug\netprog.pdb
d:\projects\mt4-progress\netprog\lib\debug\cb2a.sbr
d:\projects\mt4-progress\netprog\lib\debug\cgi.sbr
d:\projects\mt4-progress\netprog\lib\debug\database.sbr
d:\projects\mt4-progress\netprog\lib\debug\dg.sbr
d:\projects\mt4-progress\netprog\lib\debug\dns.sbr
d:\projects\mt4-progress\netprog\lib\debug\dnscomp.sbr
d:\projects\mt4-progress\netprog\lib\debug\fiop.sbr
d:\projects\mt4-progress\netprog\lib\debug\ftp.sbr
d:\projects\mt4-progress\netprog\lib\debug\gse.sbr
d:\projects\mt4-progress\netprog\lib\debug\http.sbr
d:\projects\mt4-progress\netprog\lib\debug\lex.yy.sbr
d:\projects\mt4-progress\netprog\lib\debug\mail.sbr
d:\projects\mt4-progress\netprog\lib\debug\mime.sbr
d:\projects\mt4-progress\netprog\lib\debug\mt.sbr
d:\projects\mt4-progress\netprog\lib\debug\mx.sbr
d:\projects\mt4-progress\netprog\lib\debug\mxmanager.sbr
d:\projects\mt4-progress\netprog\lib\debug\mxutil.sbr
d:\projects\mt4-progress\netprog\lib\debug\oscom.sbr
d:\projects\mt4-progress\netprog\lib\debug\osdate.sbr
d:\projects\mt4-progress\netprog\lib\debug\osdb.sbr
d:\projects\mt4-progress\netprog\lib\debug\osdb.obj
d:\projects\mt4-progress\netprog\lib\debug\osdate.obj
d:\projects\mt4-progress\netprog\lib\debug\oscom.obj
d:\projects\mt4-progress\netprog\lib\debug\mxutil.obj
d:\projects\mt4-progress\netprog\lib\debug\mxmanager.obj
d:\projects\mt4-progress\netprog\lib\debug\mx.obj
d:\projects\mt4-progress\netprog\lib\debug\mt.obj
d:\projects\mt4-progress\netprog\lib\debug\mime.obj
d:\projects\mt4-progress\netprog\lib\debug\mail.obj
d:\projects\mt4-progress\netprog\lib\debug\lex.yy.obj
d:\projects\mt4-progress\netprog\lib\debug\http.obj
d:\projects\mt4-progress\netprog\lib\debug\gse.obj
d:\projects\mt4-progress\netprog\lib\debug\ftp.obj
d:\projects\mt4-progress\netprog\lib\debug\fiop.obj
d:\projects\mt4-progress\netprog\lib\debug\dnscomp.obj
d:\projects\mt4-progress\netprog\lib\debug\dns.obj
d:\projects\mt4-progress\netprog\lib\debug\dg.obj
d:\projects\mt4-progress\netprog\lib\debug\database.obj
d:\projects\mt4-progress\netprog\lib\debug\cgi.obj
d:\projects\mt4-progress\netprog\lib\debug\cb2a.obj
d:\projects\mt4-progress\netprog\lib\debug\osdraw.sbr
d:\projects\mt4-progress\netprog\lib\debug\osio.sbr
d:\projects\mt4-progress\netprog\lib\debug\oslist.sbr
d:\projects\mt4-progress\netprog\lib\debug\osmatch.sbr
d:\projects\mt4-progress\netprog\lib\debug\osras.sbr
d:\projects\mt4-progress\netprog\lib\debug\osreslex.sbr
d:\projects\mt4-progress\netprog\lib\debug\osresyac.sbr
d:\projects\mt4-progress\netprog\lib\debug\ostrace.sbr
d:\projects\mt4-progress\netprog\lib\debug\pop.sbr
d:\projects\mt4-progress\netprog\lib\debug\sc.sbr
d:\projects\mt4-progress\netprog\lib\debug\scaction.sbr
d:\projects\mt4-progress\netprog\lib\debug\scparse.sbr
d:\projects\mt4-progress\netprog\lib\debug\scproc.sbr
d:\projects\mt4-progress\netprog\lib\debug\scprocio.sbr
d:\projects\mt4-progress\netprog\lib\debug\scprocmx.sbr
d:\projects\mt4-progress\netprog\lib\debug\scprocop.sbr
d:\projects\mt4-progress\netprog\lib\debug\scsys.sbr
d:\projects\mt4-progress\netprog\lib\debug\scyacc.sbr
d:\projects\mt4-progress\netprog\lib\debug\smtp.sbr
d:\projects\mt4-progress\netprog\lib\debug\sqlodbc.sbr
d:\projects\mt4-progress\netprog\lib\debug\sqlodbc.obj
d:\projects\mt4-progress\netprog\lib\debug\smtp.obj
d:\projects\mt4-progress\netprog\lib\debug\scyacc.obj
d:\projects\mt4-progress\netprog\lib\debug\scsys.obj
d:\projects\mt4-progress\netprog\lib\debug\scprocop.obj
d:\projects\mt4-progress\netprog\lib\debug\scprocmx.obj
d:\projects\mt4-progress\netprog\lib\debug\scprocio.obj
d:\projects\mt4-progress\netprog\lib\debug\scproc.obj
d:\projects\mt4-progress\netprog\lib\debug\scparse.obj
d:\projects\mt4-progress\netprog\lib\debug\scaction.obj
d:\projects\mt4-progress\netprog\lib\debug\sc.obj
d:\projects\mt4-progress\netprog\lib\debug\pop.obj
d:\projects\mt4-progress\netprog\lib\debug\ostrace.obj
d:\projects\mt4-progress\netprog\lib\debug\osresyac.obj
d:\projects\mt4-progress\netprog\lib\debug\osreslex.obj
d:\projects\mt4-progress\netprog\lib\debug\osras.obj
d:\projects\mt4-progress\netprog\lib\debug\osmatch.obj
d:\projects\mt4-progress\netprog\lib\debug\oslist.obj
d:\projects\mt4-progress\netprog\lib\debug\osio.obj
d:\projects\mt4-progress\netprog\lib\debug\osdraw.obj
d:\projects\mt4-progress\netprog\lib\debug\sqlora.sbr
d:\projects\mt4-progress\netprog\lib\debug\tcp.sbr
d:\projects\mt4-progress\netprog\lib\debug\tp.sbr
d:\projects\mt4-progress\netprog\lib\debug\u_xlat.sbr
d:\projects\mt4-progress\netprog\lib\debug\xf.sbr
d:\projects\mt4-progress\netprog\lib\debug\xf.obj
d:\projects\mt4-progress\netprog\lib\debug\u_xlat.obj
d:\projects\mt4-progress\netprog\lib\debug\tp.obj
d:\projects\mt4-progress\netprog\lib\debug\tcp.obj
d:\projects\mt4-progress\netprog\lib\debug\sqlora.obj
d:\projects\mt4-progress\netprog\lib\debug\netprog.lib
d:\projects\mt4-progress\netprog\lib\debug\netprog.tlog\bscmake.command.1.tlog
d:\projects\mt4-progress\netprog\lib\debug\netprog.tlog\bscmake.read.1.tlog
d:\projects\mt4-progress\netprog\lib\debug\netprog.tlog\bscmake.write.1.tlog
d:\projects\mt4-progress\netprog\lib\debug\netprog.tlog\cl.command.1.tlog
d:\projects\mt4-progress\netprog\lib\debug\netprog.tlog\cl.read.1.tlog
d:\projects\mt4-progress\netprog\lib\debug\netprog.tlog\cl.write.1.tlog
d:\projects\mt4-progress\netprog\lib\debug\netprog.tlog\lib-link.read.1.tlog
d:\projects\mt4-progress\netprog\lib\debug\netprog.tlog\lib-link.write.1.tlog
d:\projects\mt4-progress\netprog\lib\debug\netprog.tlog\lib.command.1.tlog
