c:\projects_cross\netprog\system\windows\vs\x64\release\lib\netprog64.pdb
c:\projects_cross\netprog\system\windows\vs\x64\release\obj\osio.obj
c:\projects_cross\netprog\system\windows\vs\x64\release\obj\osdb.obj
c:\projects_cross\netprog\system\windows\vs\x64\release\obj\osdate.obj
c:\projects_cross\netprog\system\windows\vs\x64\release\obj\oscom.obj
c:\projects_cross\netprog\system\windows\vs\x64\release\obj\mxutil.obj
c:\projects_cross\netprog\system\windows\vs\x64\release\obj\mxmanager.obj
c:\projects_cross\netprog\system\windows\vs\x64\release\obj\mx.obj
c:\projects_cross\netprog\system\windows\vs\x64\release\obj\mt.obj
c:\projects_cross\netprog\system\windows\vs\x64\release\obj\mime.obj
c:\projects_cross\netprog\system\windows\vs\x64\release\obj\mail.obj
c:\projects_cross\netprog\system\windows\vs\x64\release\obj\json.obj
c:\projects_cross\netprog\system\windows\vs\x64\release\obj\http.obj
c:\projects_cross\netprog\system\windows\vs\x64\release\obj\ftp.obj
c:\projects_cross\netprog\system\windows\vs\x64\release\obj\fiop.obj
c:\projects_cross\netprog\system\windows\vs\x64\release\obj\dnscomp.obj
c:\projects_cross\netprog\system\windows\vs\x64\release\obj\dns.obj
c:\projects_cross\netprog\system\windows\vs\x64\release\obj\dg.obj
c:\projects_cross\netprog\system\windows\vs\x64\release\obj\database.obj
c:\projects_cross\netprog\system\windows\vs\x64\release\obj\cgi.obj
c:\projects_cross\netprog\system\windows\vs\x64\release\obj\cb2a.obj
c:\projects_cross\netprog\system\windows\vs\x64\release\obj\sqlora.obj
c:\projects_cross\netprog\system\windows\vs\x64\release\obj\sqlodbc.obj
c:\projects_cross\netprog\system\windows\vs\x64\release\obj\smtp.obj
c:\projects_cross\netprog\system\windows\vs\x64\release\obj\sha256.obj
c:\projects_cross\netprog\system\windows\vs\x64\release\obj\scyacc.obj
c:\projects_cross\netprog\system\windows\vs\x64\release\obj\scsys.obj
c:\projects_cross\netprog\system\windows\vs\x64\release\obj\scprocop.obj
c:\projects_cross\netprog\system\windows\vs\x64\release\obj\scprocmx.obj
c:\projects_cross\netprog\system\windows\vs\x64\release\obj\scprocio.obj
c:\projects_cross\netprog\system\windows\vs\x64\release\obj\scproc.obj
c:\projects_cross\netprog\system\windows\vs\x64\release\obj\scparse.obj
c:\projects_cross\netprog\system\windows\vs\x64\release\obj\sclex.obj
c:\projects_cross\netprog\system\windows\vs\x64\release\obj\scaction.obj
c:\projects_cross\netprog\system\windows\vs\x64\release\obj\sc.obj
c:\projects_cross\netprog\system\windows\vs\x64\release\obj\pop.obj
c:\projects_cross\netprog\system\windows\vs\x64\release\obj\ostrace.obj
c:\projects_cross\netprog\system\windows\vs\x64\release\obj\osresyac.obj
c:\projects_cross\netprog\system\windows\vs\x64\release\obj\osreslex.obj
c:\projects_cross\netprog\system\windows\vs\x64\release\obj\osmatch.obj
c:\projects_cross\netprog\system\windows\vs\x64\release\obj\oslist.obj
c:\projects_cross\netprog\system\windows\vs\x64\release\obj\xf.obj
c:\projects_cross\netprog\system\windows\vs\x64\release\obj\tp.obj
c:\projects_cross\netprog\system\windows\vs\x64\release\obj\tcp.obj
c:\projects_cross\netprog\system\windows\vs\x64\release\lib\netprog64.lib
c:\projects_cross\netprog\system\windows\vs\x64\release\obj\netprog.tlog\cl.command.1.tlog
c:\projects_cross\netprog\system\windows\vs\x64\release\obj\netprog.tlog\cl.items.tlog
c:\projects_cross\netprog\system\windows\vs\x64\release\obj\netprog.tlog\cl.read.1.tlog
c:\projects_cross\netprog\system\windows\vs\x64\release\obj\netprog.tlog\cl.write.1.tlog
c:\projects_cross\netprog\system\windows\vs\x64\release\obj\netprog.tlog\lib-link.read.1.tlog
c:\projects_cross\netprog\system\windows\vs\x64\release\obj\netprog.tlog\lib-link.write.1.tlog
c:\projects_cross\netprog\system\windows\vs\x64\release\obj\netprog.tlog\lib.command.1.tlog
