  cb2a.c
  cgi.c
  database.c
  dg.c
  dns.c
  dnscomp.c
  fiop.c
  ftp.c
  gse.c
  http.c
  mail.c
  mime.c
  mt.c
  mx.c
  mxmanager.c
  mxutil.c
D:\GITHUB\NetProg\src\mxutil.c(151,20): warning C4477: 'sprintf' : format string '%f' requires an argument of type 'double', but variadic argument 2 has type 'LONG'
D:\GITHUB\NetProg\src\mxutil.c(153,20): warning C4477: 'sprintf' : format string '%f' requires an argument of type 'double', but variadic argument 3 has type 'LONG'
  oscom.c
  osdate.c
  osdb.c
D:\GITHUB\NetProg\src\osdb.c(767,28): warning C4477: 'sprintf' : format string '%-*.*s' requires an argument of type 'char *', but variadic argument 3 has type 'void *'
D:\GITHUB\NetProg\src\osdb.c(767,28): message : this argument is used by a conversion specifier
D:\GITHUB\NetProg\src\osdb.c(881,28): warning C4477: 'sprintf' : format string '%-*.*s' requires an argument of type 'char *', but variadic argument 3 has type 'void *'
D:\GITHUB\NetProg\src\osdb.c(881,28): message : this argument is used by a conversion specifier
D:\GITHUB\NetProg\src\osdb.c(900,28): warning C4477: 'sprintf' : format string '%-*.*s' requires an argument of type 'char *', but variadic argument 3 has type 'void *'
D:\GITHUB\NetProg\src\osdb.c(900,28): message : this argument is used by a conversion specifier
  osdraw.c
  Generating Code...
  Compiling...
  osio.c
  oslist.c
  osmatch.c
  osras.c
  osreslex.c
D:\GITHUB\NetProg\src\osreslex.c(90,25): warning C4013: 'zzlook' undefined; assuming extern returning int
D:\GITHUB\NetProg\src\osreslex.c(91,8): warning C4102: 'zzfussy': unreferenced label
D:\GITHUB\NetProg\src\osreslex.c(434,34): warning C4013: 'main' undefined; assuming extern returning int
D:\GITHUB\NetProg\src\osreslex.c(447,17): warning C4018: '<': signed/unsigned mismatch
D:\GITHUB\NetProg\src\osreslex.c(511,17): warning C4018: '<': signed/unsigned mismatch
D:\GITHUB\NetProg\src\osreslex.c(9407,33): warning C4013: 'zzback' undefined; assuming extern returning int
D:\GITHUB\NetProg\src\osreslex.c(9282,35): warning C4101: 'third': unreferenced local variable
D:\GITHUB\NetProg\src\osreslex.c(9282,30): warning C4101: 'sec': unreferenced local variable
D:\GITHUB\NetProg\src\osreslex.c(9282,42): warning C4101: 'fourth': unreferenced local variable
  osresyac.c
osresyac.y(2459,50): warning C4013: 'zzlex' undefined; assuming extern returning int
osresyac.y(2370,11): warning C4102: 'zznewstate': unreferenced label
  ostrace.c
  pop.c
  sc.c
D:\GITHUB\NetProg\src\sc.c(513,22): warning C4013: 'gets' undefined; assuming extern returning int
D:\GITHUB\NetProg\src\sc.c(780,26): warning C4477: 'sprintf' : format string '%ld' requires an argument of type 'long', but variadic argument 2 has type 'MXCom *'
D:\GITHUB\NetProg\src\sc.c(816,37): warning C4477: 'sprintf' : format string '%.*c' requires an argument of type 'int', but variadic argument 2 has type 'char *'
D:\GITHUB\NetProg\src\sc.c(816,37): message : this argument is used by a conversion specifier
D:\GITHUB\NetProg\src\sc.c(825,37): warning C4477: 'sprintf' : format string '%ld' requires an argument of type 'long', but variadic argument 1 has type 'void *'
  scaction.c
  sclex.c
D:\GITHUB\NetProg\src\sclex.c(116,25): warning C4013: 'yylook' undefined; assuming extern returning int
D:\GITHUB\NetProg\src\sclex.c(117,8): warning C4102: 'yyfussy': unreferenced label
D:\GITHUB\NetProg\src\sclex.c(976,37): warning C4101: 'yyw': unreferenced local variable
  scparse.c
  scproc.c
D:\GITHUB\NetProg\src\scproc.c(835,18): warning C4244: '=': conversion from 'time_t' to 'DWORD', possible loss of data
D:\GITHUB\NetProg\src\scproc.c(885,17): warning C4244: '=': conversion from 'time_t' to 'DWORD', possible loss of data
  scprocio.c
  scprocmx.c
  scprocop.c
  scsys.c
D:\GITHUB\NetProg\src\scsys.c(152,31): warning C4477: 'sprintf' : format string '%f' requires an argument of type 'double', but variadic argument 1 has type 'UINT'
D:\GITHUB\NetProg\src\scsys.c(889,27): warning C4477: 'sprintf' : format string '%p' requires an argument of type 'void *', but variadic argument 1 has type 'int'
D:\GITHUB\NetProg\src\scsys.c(1004,31): warning C4477: 'sprintf' : format string '%f' requires an argument of type 'double', but variadic argument 1 has type 'UINT'
D:\GITHUB\NetProg\src\scsys.c(1070,35): warning C4477: 'sprintf' : format string '%f' requires an argument of type 'double', but variadic argument 1 has type 'UINT'
D:\GITHUB\NetProg\src\scsys.c(1122,27): warning C4477: 'sprintf' : format string '%p' requires an argument of type 'void *', but variadic argument 1 has type 'int'
  scyacc.c
scyacc.y(899,24): warning C4477: 'printf' : format string '%d' requires an argument of type 'int', but variadic argument 3 has type 'char *'
scyacc.y(902,24): warning C4477: 'printf' : format string '%ld' requires an argument of type 'long', but variadic argument 3 has type 'char *'
scyacc.y(905,24): warning C4477: 'printf' : format string '%f' requires an argument of type 'double', but variadic argument 3 has type 'char *'
scyacc.y(1325,11): warning C4102: 'yynewstate': unreferenced label
scyacc.y(1539,9): warning C4102: 'yyerrlab': unreferenced label
  smtp.c
  sqlodbc.c
  Generating Code...
  Compiling...
  sqlora.c
D:\GITHUB\NetProg\src\sqlora.c(331,31): warning C4267: '=': conversion from 'size_t' to 'unsigned short', possible loss of data
D:\GITHUB\NetProg\src\sqlora.c(332,31): warning C4267: '=': conversion from 'size_t' to 'unsigned short', possible loss of data
D:\GITHUB\NetProg\src\sqlora.c(333,31): warning C4267: '=': conversion from 'size_t' to 'unsigned short', possible loss of data
D:\GITHUB\NetProg\src\sqlora.c(502,29): warning C4013: 'sqlald' undefined; assuming extern returning int
D:\GITHUB\NetProg\src\sqlora.c(502,69): warning C4047: '=': 'SQLDA *' differs in levels of indirection from 'int'
D:\GITHUB\NetProg\src\sqlora.c(614,16): warning C4013: 'sqlnul' undefined; assuming extern returning int
D:\GITHUB\NetProg\src\sqlora.c(620,20): warning C4013: 'sqlprc' undefined; assuming extern returning int
D:\GITHUB\NetProg\src\sqlora.c(750,43): warning C4013: 'oracle_send_sqlda' undefined; assuming extern returning int
  tcp.c
  tp.c
  u_xlat.c
  xf.c
  Generating Code...
wsock32.lib(WSOCK32.dll) : warning LNK4006: __NULL_IMPORT_DESCRIPTOR already defined in odbc32.lib(ODBC32.dll); second definition ignored
oscom.obj : warning LNK4006: ___WSAFDIsSet@8 already defined in wsock32.lib(WSOCK32.dll); second definition ignored
  NetProgLib.vcxproj -> D:\GITHUB\NetProg\lib\Release\NetProg.lib
