c:\projects_cross\netprog\system\windows\vs\x86\debug\lib\netprog32.pdb
c:\projects_cross\netprog\system\windows\vs\x86\debug\obj\osio.obj
c:\projects_cross\netprog\system\windows\vs\x86\debug\obj\osdb.obj
c:\projects_cross\netprog\system\windows\vs\x86\debug\obj\osdate.obj
c:\projects_cross\netprog\system\windows\vs\x86\debug\obj\oscom.obj
c:\projects_cross\netprog\system\windows\vs\x86\debug\obj\mxutil.obj
c:\projects_cross\netprog\system\windows\vs\x86\debug\obj\mxmanager.obj
c:\projects_cross\netprog\system\windows\vs\x86\debug\obj\mx.obj
c:\projects_cross\netprog\system\windows\vs\x86\debug\obj\mt.obj
c:\projects_cross\netprog\system\windows\vs\x86\debug\obj\mime.obj
c:\projects_cross\netprog\system\windows\vs\x86\debug\obj\mail.obj
c:\projects_cross\netprog\system\windows\vs\x86\debug\obj\json.obj
c:\projects_cross\netprog\system\windows\vs\x86\debug\obj\http.obj
c:\projects_cross\netprog\system\windows\vs\x86\debug\obj\ftp.obj
c:\projects_cross\netprog\system\windows\vs\x86\debug\obj\fiop.obj
c:\projects_cross\netprog\system\windows\vs\x86\debug\obj\dnscomp.obj
c:\projects_cross\netprog\system\windows\vs\x86\debug\obj\dns.obj
c:\projects_cross\netprog\system\windows\vs\x86\debug\obj\dg.obj
c:\projects_cross\netprog\system\windows\vs\x86\debug\obj\database.obj
c:\projects_cross\netprog\system\windows\vs\x86\debug\obj\cgi.obj
c:\projects_cross\netprog\system\windows\vs\x86\debug\obj\cb2a.obj
c:\projects_cross\netprog\system\windows\vs\x86\debug\obj\sqlora.obj
c:\projects_cross\netprog\system\windows\vs\x86\debug\obj\sqlodbc.obj
c:\projects_cross\netprog\system\windows\vs\x86\debug\obj\smtp.obj
c:\projects_cross\netprog\system\windows\vs\x86\debug\obj\sha256.obj
c:\projects_cross\netprog\system\windows\vs\x86\debug\obj\scyacc.obj
c:\projects_cross\netprog\system\windows\vs\x86\debug\obj\scsys.obj
c:\projects_cross\netprog\system\windows\vs\x86\debug\obj\scprocop.obj
c:\projects_cross\netprog\system\windows\vs\x86\debug\obj\scprocmx.obj
c:\projects_cross\netprog\system\windows\vs\x86\debug\obj\scprocio.obj
c:\projects_cross\netprog\system\windows\vs\x86\debug\obj\scproc.obj
c:\projects_cross\netprog\system\windows\vs\x86\debug\obj\scparse.obj
c:\projects_cross\netprog\system\windows\vs\x86\debug\obj\sclex.obj
c:\projects_cross\netprog\system\windows\vs\x86\debug\obj\scaction.obj
c:\projects_cross\netprog\system\windows\vs\x86\debug\obj\sc.obj
c:\projects_cross\netprog\system\windows\vs\x86\debug\obj\pop.obj
c:\projects_cross\netprog\system\windows\vs\x86\debug\obj\ostrace.obj
c:\projects_cross\netprog\system\windows\vs\x86\debug\obj\osresyac.obj
c:\projects_cross\netprog\system\windows\vs\x86\debug\obj\osreslex.obj
c:\projects_cross\netprog\system\windows\vs\x86\debug\obj\osmatch.obj
c:\projects_cross\netprog\system\windows\vs\x86\debug\obj\oslist.obj
c:\projects_cross\netprog\system\windows\vs\x86\debug\obj\xf.obj
c:\projects_cross\netprog\system\windows\vs\x86\debug\obj\tp.obj
c:\projects_cross\netprog\system\windows\vs\x86\debug\obj\tcp.obj
c:\projects_cross\netprog\system\windows\vs\x86\debug\lib\netprog32.lib
c:\projects_cross\netprog\system\windows\vs\x86\debug\obj\netprog.tlog\cl.command.1.tlog
c:\projects_cross\netprog\system\windows\vs\x86\debug\obj\netprog.tlog\cl.items.tlog
c:\projects_cross\netprog\system\windows\vs\x86\debug\obj\netprog.tlog\cl.read.1.tlog
c:\projects_cross\netprog\system\windows\vs\x86\debug\obj\netprog.tlog\cl.write.1.tlog
c:\projects_cross\netprog\system\windows\vs\x86\debug\obj\netprog.tlog\lib-link.read.1.tlog
c:\projects_cross\netprog\system\windows\vs\x86\debug\obj\netprog.tlog\lib-link.write.1.tlog
c:\projects_cross\netprog\system\windows\vs\x86\debug\obj\netprog.tlog\lib.command.1.tlog
