d:\projects\mt4-progress\netprog\lib\release\netprog.pdb
d:\projects\mt4-progress\netprog\lib\release\osdb.obj
d:\projects\mt4-progress\netprog\lib\release\osdate.obj
d:\projects\mt4-progress\netprog\lib\release\oscom.obj
d:\projects\mt4-progress\netprog\lib\release\mxutil.obj
d:\projects\mt4-progress\netprog\lib\release\mxmanager.obj
d:\projects\mt4-progress\netprog\lib\release\mx.obj
d:\projects\mt4-progress\netprog\lib\release\mt.obj
d:\projects\mt4-progress\netprog\lib\release\mime.obj
d:\projects\mt4-progress\netprog\lib\release\mail.obj
d:\projects\mt4-progress\netprog\lib\release\lex.yy.obj
d:\projects\mt4-progress\netprog\lib\release\http.obj
d:\projects\mt4-progress\netprog\lib\release\gse.obj
d:\projects\mt4-progress\netprog\lib\release\ftp.obj
d:\projects\mt4-progress\netprog\lib\release\fiop.obj
d:\projects\mt4-progress\netprog\lib\release\dnscomp.obj
d:\projects\mt4-progress\netprog\lib\release\dns.obj
d:\projects\mt4-progress\netprog\lib\release\dg.obj
d:\projects\mt4-progress\netprog\lib\release\database.obj
d:\projects\mt4-progress\netprog\lib\release\cgi.obj
d:\projects\mt4-progress\netprog\lib\release\cb2a.obj
d:\projects\mt4-progress\netprog\lib\release\sqlodbc.obj
d:\projects\mt4-progress\netprog\lib\release\smtp.obj
d:\projects\mt4-progress\netprog\lib\release\scyacc.obj
d:\projects\mt4-progress\netprog\lib\release\scsys.obj
d:\projects\mt4-progress\netprog\lib\release\scprocop.obj
d:\projects\mt4-progress\netprog\lib\release\scprocmx.obj
d:\projects\mt4-progress\netprog\lib\release\scprocio.obj
d:\projects\mt4-progress\netprog\lib\release\scproc.obj
d:\projects\mt4-progress\netprog\lib\release\scparse.obj
d:\projects\mt4-progress\netprog\lib\release\scaction.obj
d:\projects\mt4-progress\netprog\lib\release\sc.obj
d:\projects\mt4-progress\netprog\lib\release\pop.obj
d:\projects\mt4-progress\netprog\lib\release\ostrace.obj
d:\projects\mt4-progress\netprog\lib\release\osresyac.obj
d:\projects\mt4-progress\netprog\lib\release\osreslex.obj
d:\projects\mt4-progress\netprog\lib\release\osras.obj
d:\projects\mt4-progress\netprog\lib\release\osmatch.obj
d:\projects\mt4-progress\netprog\lib\release\oslist.obj
d:\projects\mt4-progress\netprog\lib\release\osio.obj
d:\projects\mt4-progress\netprog\lib\release\osdraw.obj
d:\projects\mt4-progress\netprog\lib\release\xf.obj
d:\projects\mt4-progress\netprog\lib\release\u_xlat.obj
d:\projects\mt4-progress\netprog\lib\release\tp.obj
d:\projects\mt4-progress\netprog\lib\release\tcp.obj
d:\projects\mt4-progress\netprog\lib\release\sqlora.obj
d:\projects\mt4-progress\netprog\lib\release\netprog.lib
d:\projects\mt4-progress\netprog\x64\release\netprog.pdb
d:\projects\mt4-progress\netprog\lib\x64\release\netprog.tlog\cl.command.1.tlog
d:\projects\mt4-progress\netprog\lib\x64\release\netprog.tlog\cl.read.1.tlog
d:\projects\mt4-progress\netprog\lib\x64\release\netprog.tlog\cl.write.1.tlog
d:\projects\mt4-progress\netprog\lib\x64\release\netprog.tlog\lib-link.read.1.tlog
d:\projects\mt4-progress\netprog\lib\x64\release\netprog.tlog\lib-link.write.1.tlog
d:\projects\mt4-progress\netprog\lib\x64\release\netprog.tlog\lib.command.1.tlog
